<component name="libraryTable">
  <library name="junit-4.10 (4)">
    <CLASSES>
      <root url="jar://$PROJECT_DIR$/spring/lib/junit-4.10.jar!/" />
    </CLASSES>
    <JAVADOC />
    <SOURCES />
  </library>
</component>